<?xml version="1.0" encoding="UTF-8"?>
<testsuites name="Demo" time="37" tests="2" failures="1" errors="0">
   <testsuite name="Demo" tests="2" failures="1" errors="0" time="37" timestamp="2018-10-24 19:07:41" hostname="AAYENDLURI - AnuradhaYend1IN.amr.smtf.ds" id="Test Suites/Demo">
      <properties>
         <property name="deviceName" value=""/>
         <property name="devicePlatform" value=""/>
         <property name="logFolder" value="D:\\KatalonAPI\\KatalonAPITesting\\Reports\\Demo\\20181024_190738"/>
         <property name="logFiles" value="D:\\KatalonAPI\\KatalonAPITesting\\Reports\\Demo\\20181024_190738\\execution0.log"/>
         <property name="attachments" value=""/>
         <property name="hostName" value="AAYENDLURI - AnuradhaYend1IN.amr.smtf.ds"/>
         <property name="os" value="Windows 8.1 64bit"/>
         <property name="katalonVersion" value="5.8.0.1"/>
         <property name="browser" value="Chrome 69.0.3497.100"/>
         <property name="hostAddress" value="10.144.23.34"/>
         <property name="sessionId" value="cd82c923f9a11b02918fd2f7cea67f3a"/>
         <property name="seleniumVersion" value="3.7.1"/>
         <property name="proxyInformation" value="ProxyInformation{proxyOption=NO_PROXY, proxyServerType=HTTP, password=, proxyServerAddress=, proxyServerPort=0}"/>
         <property name="platform" value="Windows 8.1"/>
      </properties>
      <testcase name="Test Cases/Common/EsbToken" classname="Test Cases/Common/EsbToken" status="PASSED">
         <system-out><![CDATA[2018-10-24 19:07:42 - [TEST_CASE][PASSED] - Test Cases/Common/EsbToken: Test Cases/Common/EsbToken

2018-10-24 19:07:42 - [TEST_STEP][PASSED] - dbConnectionPackage.DBConnectionKeyword.CloseConnections: dbConnectionPackage.DBConnectionKeyword.CloseConnections is PASSED

2018-10-24 19:07:53 - [MESSAGE][PASSED] - Delayed 10 second(s)

2018-10-24 19:07:53 - [MESSAGE][PASSED] - dbConnectionPackage.DBConnectionKeyword.CloseConnections is PASSED

2018-10-24 19:07:53 - [TEST_STEP][PASSED] - openBrowser: Browser is opened with url: ''

2018-10-24 19:07:58 - [MESSAGE][PASSED] - Browser is opened with url: ''

2018-10-24 19:07:58 - [TEST_STEP][PASSED] - navigateToUrl: Navigate to 'https://cl08sales.sumtotaldevelopment.net' successfully

2018-10-24 19:07:59 - [MESSAGE][PASSED] - Navigate to 'https://cl08sales.sumtotaldevelopment.net' successfully

2018-10-24 19:07:59 - [TEST_STEP][PASSED] - delay: Delayed 5 second(s)

2018-10-24 19:08:04 - [MESSAGE][PASSED] - Delayed 5 second(s)

2018-10-24 19:08:04 - [TEST_STEP][PASSED] - setText: Text 'admin' is set on object 'Object Repository/EsbToken/Page_Sign In/input_ctl00ctl00ctl00BodyConte'

2018-10-24 19:08:04 - [MESSAGE][PASSED] - Text 'admin' is set on object 'Object Repository/EsbToken/Page_Sign In/input_ctl00ctl00ctl00BodyConte'

2018-10-24 19:08:04 - [TEST_STEP][PASSED] - setText: Text 'Think|Demo' is set on object 'Object Repository/EsbToken/Page_Sign In/input_ctl00ctl00ctl00BodyConte_1'

2018-10-24 19:08:04 - [MESSAGE][PASSED] - Text 'Think|Demo' is set on object 'Object Repository/EsbToken/Page_Sign In/input_ctl00ctl00ctl00BodyConte_1'

2018-10-24 19:08:04 - [TEST_STEP][PASSED] - click: Object: 'Object Repository/EsbToken/Page_Sign In/input_ctl00ctl00ctl00BodyConte_2' is clicked on

2018-10-24 19:08:12 - [MESSAGE][PASSED] - Object: 'Object Repository/EsbToken/Page_Sign In/input_ctl00ctl00ctl00BodyConte_2' is clicked on

2018-10-24 19:08:12 - [TEST_STEP][PASSED] - waitForPageLoad: Wait for page load successfully

2018-10-24 19:08:12 - [MESSAGE][PASSED] - Wait for page load successfully

2018-10-24 19:08:12 - [TEST_STEP][PASSED] - waitForElementPresent: Object 'Object Repository/EsbToken/Page_Home - SumTotal/i_fa fa-user' is present

2018-10-24 19:08:13 - [MESSAGE][PASSED] - Object 'Object Repository/EsbToken/Page_Home - SumTotal/i_fa fa-user' is present

2018-10-24 19:08:13 - [TEST_STEP][PASSED] - Statement - s = com.kms.katalon.core.webui.keyword.WebUiBuiltInKeywords.executeJavaScript("return document.documentElement.innerHTML;", null): Execute JavaScript 'return document.documentElement.innerHTML;' successfully

2018-10-24 19:08:13 - [MESSAGE][PASSED] - Execute JavaScript 'return document.documentElement.innerHTML;' successfully

2018-10-24 19:08:13 - [TEST_STEP][PASSED] - Statement - g_esb = CustomKeywords.validations.Assertions.GetToken(s): validations.Assertions.GetToken is PASSED

2018-10-24 19:08:14 - [MESSAGE][PASSED] - validations.Assertions.GetToken is PASSED

2018-10-24 19:08:14 - [TEST_STEP][PASSED] - comment: esbeyJ0eXAiOiJKV1QiLCJhbGciOiJIUzI1NiJ9.eyJpc3MiOiJodHRwOlwvXC93d3cuc3VtdG90YWxzeXN0ZW1zLmNvbVwvY29yZXVpIiwic3ViIjoiYWRtaW4iLCJhdWQiOiJDTDA4X1NBTEVTX1RFU1QiLCJleHAiOjYzNjc2MDA2Njc1MDg0NDUzNCwibmJmIjowLCJpYXQiOjYzNjc1OTg1MDc4ODUwMTYwMSwiYnNlc3Npb25pZCI6IjY4NzU2OTdmZTc1MzQxNDFiNTUxMTY4MGE0OGNmMmFjIiwiZXVzcmlkIjpudWxsLCJldXNybiI6bnVsbCwiY3VsIjoiZW4tVVMiLCJ1c2VyaWQiOiIxIiwiZ3Vlc3RhY2NvdW50IjowLCJwZXJzb25pZCI6LTEsImlzZXh0ZXJuYWwiOmZhbHNlLCJycGtleSI6IkVMSVhIUlVJIn0.970BDEC066D6E4D9AB655EC80DD45186FCB52601F172350590C67438E9DD7395

2018-10-24 19:08:14 - [TEST_STEP][PASSED] - Statement - stokenindex = s.lastIndexOf("search:{") + "search:{".length() + 1: null

2018-10-24 19:08:14 - [TEST_STEP][PASSED] - Statement - etokenindex = s.lastIndexOf("social:{") + "social:{".length() + 1: null

2018-10-24 19:08:14 - [TEST_STEP][PASSED] - Statement - searchToken = s.substring(stokenindex, etokenindex): null

2018-10-24 19:08:14 - [TEST_STEP][PASSED] - Statement - g_lmesbtoken = CustomKeywords.validations.Assertions.GetToken(searchToken): validations.Assertions.GetToken is PASSED

2018-10-24 19:08:14 - [MESSAGE][PASSED] - validations.Assertions.GetToken is PASSED

2018-10-24 19:08:14 - [TEST_STEP][PASSED] - comment: esbsearcheyJ0eXAiOiJKV1QiLCJhbGciOiJIUzI1NiJ9.eyJpc3MiOiJodHRwOlwvXC93d3cuc3VtdG90YWxzeXN0ZW1zLmNvbVwvY29yZXVpIiwic3ViIjoiYWRtaW4iLCJhdWQiOiJDTDA4X1NBTEVTX1RFU1QiLCJleHAiOjYzNjc2MDA2Njc1MDg0NDUzNCwibmJmIjowLCJpYXQiOjYzNjc1OTg1MDc4ODUwMTYwMSwiYnNlc3Npb25pZCI6IjY4NzU2OTdmZTc1MzQxNDFiNTUxMTY4MGE0OGNmMmFjIiwiZXVzcmlkIjpudWxsLCJldXNybiI6bnVsbCwiY3VsIjoiZW4tVVMiLCJ1c2VyaWQiOiIxIiwiZ3Vlc3RhY2NvdW50IjowLCJwZXJzb25pZCI6LTEsImlzZXh0ZXJuYWwiOmZhbHNlLCJycGtleSI6IkVMSVhIUlVJIn0.970BDEC066D6E4D9AB655EC80DD45186FCB52601F172350590C67438E9DD7395

2018-10-24 19:08:14 - [TEST_STEP][PASSED] - Statement - decoded = new java.lang.String(javax.xml.bind.DatatypeConverter.parseBase64Binary(internal.GlobalVariable.g_esb)): null

2018-10-24 19:08:14 - [TEST_STEP][PASSED] - Statement - decoded = decoded.substring(decoded.indexOf("}{") + 1): null

2018-10-24 19:08:14 - [TEST_STEP][PASSED] - comment: ESB DECRYPTED {"iss":"http:\/\/www.sumtotalsystems.com\/coreui","sub":"admin","aud":"CL08_SALES_TEST","exp":636760066750844534,"nbf":0,"iat":636759850788501601,"bsessionid":"6875697fe7534141b5511680a48cf2ac","eusrid":null,"eusrn":null,"cul":"en-US","userid":"1","guestaccount":0,"personid":-1,"isexternal":false,"rpkey":"ELIXHRUI"}=�@C-:�>��?@�y/4>9�΅v�ME׽��N}�.���0�

2018-10-24 19:08:14 - [TEST_STEP][PASSED] - Statement - jsonSlurper = new groovy.json.JsonSlurper(): null

2018-10-24 19:08:14 - [TEST_STEP][PASSED] - Statement - object = jsonSlurper.parseText(decoded.toString()): null

2018-10-24 19:08:14 - [TEST_STEP][PASSED] - Statement - userId = personid: null

2018-10-24 19:08:14 - [TEST_STEP][PASSED] - Statement - userName = sub: null

2018-10-24 19:08:14 - [TEST_STEP][PASSED] - Statement - g_UserID = userId: null

2018-10-24 19:08:14 - [TEST_STEP][PASSED] - Statement - g_userName = userName: null

2018-10-24 19:08:14 - [TEST_STEP][PASSED] - comment: esb eyJ0eXAiOiJKV1QiLCJhbGciOiJIUzI1NiJ9.eyJpc3MiOiJodHRwOlwvXC93d3cuc3VtdG90YWxzeXN0ZW1zLmNvbVwvY29yZXVpIiwic3ViIjoiYWRtaW4iLCJhdWQiOiJDTDA4X1NBTEVTX1RFU1QiLCJleHAiOjYzNjc2MDA2Njc1MDg0NDUzNCwibmJmIjowLCJpYXQiOjYzNjc1OTg1MDc4ODUwMTYwMSwiYnNlc3Npb25pZCI6IjY4NzU2OTdmZTc1MzQxNDFiNTUxMTY4MGE0OGNmMmFjIiwiZXVzcmlkIjpudWxsLCJldXNybiI6bnVsbCwiY3VsIjoiZW4tVVMiLCJ1c2VyaWQiOiIxIiwiZ3Vlc3RhY2NvdW50IjowLCJwZXJzb25pZCI6LTEsImlzZXh0ZXJuYWwiOmZhbHNlLCJycGtleSI6IkVMSVhIUlVJIn0.970BDEC066D6E4D9AB655EC80DD45186FCB52601F172350590C67438E9DD7395

2018-10-24 19:08:14 - [TEST_STEP][PASSED] - comment: userid-1

2018-10-24 19:08:14 - [TEST_STEP][PASSED] - closeBrowser: Browser is closed

2018-10-24 19:08:15 - [MESSAGE][PASSED] - Browser is closed]]></system-out>
         <system-err><![CDATA[]]></system-err>
      </testcase>
      <testcase name="Test Cases/TestCases/Demo/Get all Communities" classname="Test Cases/TestCases/Demo/Get all Communities" status="PASSED">
         <system-out><![CDATA[2018-10-24 19:08:15 - [TEST_CASE][PASSED] - Test Cases/TestCases/Demo/Get all Communities: Test Cases/TestCases/Demo/Get all Communities

2018-10-24 19:08:15 - [TEST_STEP][PASSED] - Statement - request = com.kms.katalon.core.testobject.ObjectRepository.findTestObject(Object Repository/Demo/Get All Communities): Finding Test Object with id 'Object Repository/Demo/Get All Communities'

2018-10-24 19:08:15 - [TEST_STEP][PASSED] - Statement - request.setHttpHeaderProperties(CustomKeywords.requestHeaders.Headers.AddHeaders()): requestHeaders.Headers.AddHeaders is PASSED

2018-10-24 19:08:15 - [MESSAGE][PASSED] - requestHeaders.Headers.AddHeaders is PASSED

2018-10-24 19:08:15 - [TEST_STEP][PASSED] - Statement - res = com.kms.katalon.core.webservice.keyword.WSBuiltInKeywords.sendRequest(request): Send request successfully

2018-10-24 19:08:19 - [MESSAGE][PASSED] - Send request successfully

2018-10-24 19:08:19 - [TEST_STEP][PASSED] - verifyResponseStatusCode: Verify response status code successfully

2018-10-24 19:08:19 - [MESSAGE][PASSED] - Verify response status code successfully]]></system-out>
         <system-err><![CDATA[]]></system-err>
      </testcase>
      <testcase name="Test Cases/TestCases/Demo/postrequest" classname="Test Cases/TestCases/Demo/postrequest" status="FAILED">
         <failure type="FAILED" message="(Stack trace: com.kms.katalon.core.exception.StepFailedException: Unable to verify response status code (Root cause: Expected status code is '200' but actual status code is '500')
	at com.kms.katalon.core.keyword.internal.KeywordMain.stepFailed(KeywordMain.groovy:36)
	at com.kms.katalon.core.keyword.internal.KeywordMain.stepFailed(KeywordMain.groovy)
	at com.kms.katalon.core.keyword.internal.KeywordMain.runKeyword(KeywordMain.groovy:56)
	at com.kms.katalon.core.webservice.keyword.builtin.VerifyResponseStatusCodeKeyword.verifyResponseStatusCode(VerifyResponseStatusCodeKeyword.groovy:37)
	at com.kms.katalon.core.webservice.keyword.builtin.VerifyResponseStatusCodeKeyword.execute(VerifyResponseStatusCodeKeyword.groovy:32)
	at com.kms.katalon.core.keyword.internal.KeywordExecutor.executeKeywordForPlatform(KeywordExecutor.groovy:53)
	at com.kms.katalon.core.webservice.keyword.WSBuiltInKeywords.verifyResponseStatusCode(WSBuiltInKeywords.groovy:212)
	at com.kms.katalon.core.webservice.keyword.WSBuiltInKeywords$verifyResponseStatusCode$0.call(Unknown Source)
	at org.codehaus.groovy.runtime.callsite.CallSiteArray.defaultCall(CallSiteArray.java:48)
	at org.codehaus.groovy.runtime.callsite.AbstractCallSite.call(AbstractCallSite.java:113)
	at org.codehaus.groovy.runtime.callsite.AbstractCallSite.call(AbstractCallSite.java:133)
	at Script1540388157132.run(Script1540388157132.groovy:21)
	at com.kms.katalon.core.main.ScriptEngine.run(ScriptEngine.java:183)
	at com.kms.katalon.core.main.ScriptEngine.runScriptAsRawText(ScriptEngine.java:108)
	at com.kms.katalon.core.main.TestCaseExecutor.runScript(TestCaseExecutor.java:294)
	at com.kms.katalon.core.main.TestCaseExecutor.doExecute(TestCaseExecutor.java:285)
	at com.kms.katalon.core.main.TestCaseExecutor.processExecutionPhase(TestCaseExecutor.java:264)
	at com.kms.katalon.core.main.TestCaseExecutor.accessMainPhase(TestCaseExecutor.java:256)
	at com.kms.katalon.core.main.TestCaseExecutor.execute(TestCaseExecutor.java:200)
	at com.kms.katalon.core.main.TestSuiteExecutor.accessTestCaseMainPhase(TestSuiteExecutor.java:129)
	at com.kms.katalon.core.main.TestSuiteExecutor.accessTestSuiteMainPhase(TestSuiteExecutor.java:112)
	at com.kms.katalon.core.main.TestSuiteExecutor.execute(TestSuiteExecutor.java:81)
	at com.kms.katalon.core.main.TestCaseMain.startTestSuite(TestCaseMain.java:142)
	at com.kms.katalon.core.main.TestCaseMain$startTestSuite$0.call(Unknown Source)
	at org.codehaus.groovy.runtime.callsite.CallSiteArray.defaultCall(CallSiteArray.java:48)
	at org.codehaus.groovy.runtime.callsite.AbstractCallSite.call(AbstractCallSite.java:113)
	at org.codehaus.groovy.runtime.callsite.AbstractCallSite.call(AbstractCallSite.java:141)
	at TempTestSuite1540388258435.run(TempTestSuite1540388258435.groovy:36)
	at groovy.lang.GroovyShell.runScriptOrMainOrTestOrRunnable(GroovyShell.java:263)
	at groovy.lang.GroovyShell.run(GroovyShell.java:518)
	at groovy.lang.GroovyShell.run(GroovyShell.java:507)
	at groovy.ui.GroovyMain.processOnce(GroovyMain.java:653)
	at groovy.ui.GroovyMain.run(GroovyMain.java:384)
	at groovy.ui.GroovyMain.process(GroovyMain.java:370)
	at groovy.ui.GroovyMain.processArgs(GroovyMain.java:129)
	at groovy.ui.GroovyMain.main(GroovyMain.java:109)
	at sun.reflect.NativeMethodAccessorImpl.invoke0(Native Method)
	at sun.reflect.NativeMethodAccessorImpl.invoke(NativeMethodAccessorImpl.java:62)
	at sun.reflect.DelegatingMethodAccessorImpl.invoke(DelegatingMethodAccessorImpl.java:43)
	at java.lang.reflect.Method.invoke(Method.java:498)
	at org.codehaus.groovy.tools.GroovyStarter.rootLoader(GroovyStarter.java:109)
	at org.codehaus.groovy.tools.GroovyStarter.main(GroovyStarter.java:131)
)"/>
         <system-out><![CDATA[2018-10-24 19:08:19 - [TEST_CASE][FAILED] - Test Cases/TestCases/Demo/postrequest: Test Cases/TestCases/Demo/postrequest FAILED because (of) (Stack trace: com.kms.katalon.core.exception.StepFailedException: Unable to verify response status code (Root cause: Expected status code is '200' but actual status code is '500')
	at com.kms.katalon.core.keyword.internal.KeywordMain.stepFailed(KeywordMain.groovy:36)
	at com.kms.katalon.core.keyword.internal.KeywordMain.stepFailed(KeywordMain.groovy)
	at com.kms.katalon.core.keyword.internal.KeywordMain.runKeyword(KeywordMain.groovy:56)
	at com.kms.katalon.core.webservice.keyword.builtin.VerifyResponseStatusCodeKeyword.verifyResponseStatusCode(VerifyResponseStatusCodeKeyword.groovy:37)
	at com.kms.katalon.core.webservice.keyword.builtin.VerifyResponseStatusCodeKeyword.execute(VerifyResponseStatusCodeKeyword.groovy:32)
	at com.kms.katalon.core.keyword.internal.KeywordExecutor.executeKeywordForPlatform(KeywordExecutor.groovy:53)
	at com.kms.katalon.core.webservice.keyword.WSBuiltInKeywords.verifyResponseStatusCode(WSBuiltInKeywords.groovy:212)
	at com.kms.katalon.core.webservice.keyword.WSBuiltInKeywords$verifyResponseStatusCode$0.call(Unknown Source)
	at org.codehaus.groovy.runtime.callsite.CallSiteArray.defaultCall(CallSiteArray.java:48)
	at org.codehaus.groovy.runtime.callsite.AbstractCallSite.call(AbstractCallSite.java:113)
	at org.codehaus.groovy.runtime.callsite.AbstractCallSite.call(AbstractCallSite.java:133)
	at Script1540388157132.run(Script1540388157132.groovy:21)
	at com.kms.katalon.core.main.ScriptEngine.run(ScriptEngine.java:183)
	at com.kms.katalon.core.main.ScriptEngine.runScriptAsRawText(ScriptEngine.java:108)
	at com.kms.katalon.core.main.TestCaseExecutor.runScript(TestCaseExecutor.java:294)
	at com.kms.katalon.core.main.TestCaseExecutor.doExecute(TestCaseExecutor.java:285)
	at com.kms.katalon.core.main.TestCaseExecutor.processExecutionPhase(TestCaseExecutor.java:264)
	at com.kms.katalon.core.main.TestCaseExecutor.accessMainPhase(TestCaseExecutor.java:256)
	at com.kms.katalon.core.main.TestCaseExecutor.execute(TestCaseExecutor.java:200)
	at com.kms.katalon.core.main.TestSuiteExecutor.accessTestCaseMainPhase(TestSuiteExecutor.java:129)
	at com.kms.katalon.core.main.TestSuiteExecutor.accessTestSuiteMainPhase(TestSuiteExecutor.java:112)
	at com.kms.katalon.core.main.TestSuiteExecutor.execute(TestSuiteExecutor.java:81)
	at com.kms.katalon.core.main.TestCaseMain.startTestSuite(TestCaseMain.java:142)
	at com.kms.katalon.core.main.TestCaseMain$startTestSuite$0.call(Unknown Source)
	at org.codehaus.groovy.runtime.callsite.CallSiteArray.defaultCall(CallSiteArray.java:48)
	at org.codehaus.groovy.runtime.callsite.AbstractCallSite.call(AbstractCallSite.java:113)
	at org.codehaus.groovy.runtime.callsite.AbstractCallSite.call(AbstractCallSite.java:141)
	at TempTestSuite1540388258435.run(TempTestSuite1540388258435.groovy:36)
	at groovy.lang.GroovyShell.runScriptOrMainOrTestOrRunnable(GroovyShell.java:263)
	at groovy.lang.GroovyShell.run(GroovyShell.java:518)
	at groovy.lang.GroovyShell.run(GroovyShell.java:507)
	at groovy.ui.GroovyMain.processOnce(GroovyMain.java:653)
	at groovy.ui.GroovyMain.run(GroovyMain.java:384)
	at groovy.ui.GroovyMain.process(GroovyMain.java:370)
	at groovy.ui.GroovyMain.processArgs(GroovyMain.java:129)
	at groovy.ui.GroovyMain.main(GroovyMain.java:109)
	at sun.reflect.NativeMethodAccessorImpl.invoke0(Native Method)
	at sun.reflect.NativeMethodAccessorImpl.invoke(NativeMethodAccessorImpl.java:62)
	at sun.reflect.DelegatingMethodAccessorImpl.invoke(DelegatingMethodAccessorImpl.java:43)
	at java.lang.reflect.Method.invoke(Method.java:498)
	at org.codehaus.groovy.tools.GroovyStarter.rootLoader(GroovyStarter.java:109)
	at org.codehaus.groovy.tools.GroovyStarter.main(GroovyStarter.java:131)
)

2018-10-24 19:08:19 - [TEST_STEP][PASSED] - Statement - req = com.kms.katalon.core.testobject.ObjectRepository.findTestObject(Object Repository/Demo/postrequest): Finding Test Object with id 'Object Repository/Demo/postrequest'

2018-10-24 19:08:19 - [TEST_STEP][PASSED] - Statement - req.setHttpHeaderProperties(CustomKeywords.requestHeaders.Headers.AddHeaders()): requestHeaders.Headers.AddHeaders is PASSED

2018-10-24 19:08:19 - [MESSAGE][PASSED] - requestHeaders.Headers.AddHeaders is PASSED

2018-10-24 19:08:19 - [TEST_STEP][PASSED] - Statement - RES = com.kms.katalon.core.webservice.keyword.WSBuiltInKeywords.sendRequest(req): Send request successfully

2018-10-24 19:08:19 - [MESSAGE][PASSED] - Send request successfully

2018-10-24 19:08:19 - [TEST_STEP][FAILED] - verifyResponseStatusCode: Unable to verify response status code (Root cause: Expected status code is '200' but actual status code is '500')

2018-10-24 19:08:19 - [MESSAGE][FAILED] - Expected status code is '200' but actual status code is '500'

2018-10-24 19:08:19 - [MESSAGE][FAILED] - Unable to verify response status code (Root cause: Expected status code is '200' but actual status code is '500')]]></system-out>
         <system-err><![CDATA[2018-10-24 19:08:19 - [TEST_CASE][FAILED] - Test Cases/TestCases/Demo/postrequest: Test Cases/TestCases/Demo/postrequest FAILED because (of) (Stack trace: com.kms.katalon.core.exception.StepFailedException: Unable to verify response status code (Root cause: Expected status code is '200' but actual status code is '500')
	at com.kms.katalon.core.keyword.internal.KeywordMain.stepFailed(KeywordMain.groovy:36)
	at com.kms.katalon.core.keyword.internal.KeywordMain.stepFailed(KeywordMain.groovy)
	at com.kms.katalon.core.keyword.internal.KeywordMain.runKeyword(KeywordMain.groovy:56)
	at com.kms.katalon.core.webservice.keyword.builtin.VerifyResponseStatusCodeKeyword.verifyResponseStatusCode(VerifyResponseStatusCodeKeyword.groovy:37)
	at com.kms.katalon.core.webservice.keyword.builtin.VerifyResponseStatusCodeKeyword.execute(VerifyResponseStatusCodeKeyword.groovy:32)
	at com.kms.katalon.core.keyword.internal.KeywordExecutor.executeKeywordForPlatform(KeywordExecutor.groovy:53)
	at com.kms.katalon.core.webservice.keyword.WSBuiltInKeywords.verifyResponseStatusCode(WSBuiltInKeywords.groovy:212)
	at com.kms.katalon.core.webservice.keyword.WSBuiltInKeywords$verifyResponseStatusCode$0.call(Unknown Source)
	at org.codehaus.groovy.runtime.callsite.CallSiteArray.defaultCall(CallSiteArray.java:48)
	at org.codehaus.groovy.runtime.callsite.AbstractCallSite.call(AbstractCallSite.java:113)
	at org.codehaus.groovy.runtime.callsite.AbstractCallSite.call(AbstractCallSite.java:133)
	at Script1540388157132.run(Script1540388157132.groovy:21)
	at com.kms.katalon.core.main.ScriptEngine.run(ScriptEngine.java:183)
	at com.kms.katalon.core.main.ScriptEngine.runScriptAsRawText(ScriptEngine.java:108)
	at com.kms.katalon.core.main.TestCaseExecutor.runScript(TestCaseExecutor.java:294)
	at com.kms.katalon.core.main.TestCaseExecutor.doExecute(TestCaseExecutor.java:285)
	at com.kms.katalon.core.main.TestCaseExecutor.processExecutionPhase(TestCaseExecutor.java:264)
	at com.kms.katalon.core.main.TestCaseExecutor.accessMainPhase(TestCaseExecutor.java:256)
	at com.kms.katalon.core.main.TestCaseExecutor.execute(TestCaseExecutor.java:200)
	at com.kms.katalon.core.main.TestSuiteExecutor.accessTestCaseMainPhase(TestSuiteExecutor.java:129)
	at com.kms.katalon.core.main.TestSuiteExecutor.accessTestSuiteMainPhase(TestSuiteExecutor.java:112)
	at com.kms.katalon.core.main.TestSuiteExecutor.execute(TestSuiteExecutor.java:81)
	at com.kms.katalon.core.main.TestCaseMain.startTestSuite(TestCaseMain.java:142)
	at com.kms.katalon.core.main.TestCaseMain$startTestSuite$0.call(Unknown Source)
	at org.codehaus.groovy.runtime.callsite.CallSiteArray.defaultCall(CallSiteArray.java:48)
	at org.codehaus.groovy.runtime.callsite.AbstractCallSite.call(AbstractCallSite.java:113)
	at org.codehaus.groovy.runtime.callsite.AbstractCallSite.call(AbstractCallSite.java:141)
	at TempTestSuite1540388258435.run(TempTestSuite1540388258435.groovy:36)
	at groovy.lang.GroovyShell.runScriptOrMainOrTestOrRunnable(GroovyShell.java:263)
	at groovy.lang.GroovyShell.run(GroovyShell.java:518)
	at groovy.lang.GroovyShell.run(GroovyShell.java:507)
	at groovy.ui.GroovyMain.processOnce(GroovyMain.java:653)
	at groovy.ui.GroovyMain.run(GroovyMain.java:384)
	at groovy.ui.GroovyMain.process(GroovyMain.java:370)
	at groovy.ui.GroovyMain.processArgs(GroovyMain.java:129)
	at groovy.ui.GroovyMain.main(GroovyMain.java:109)
	at sun.reflect.NativeMethodAccessorImpl.invoke0(Native Method)
	at sun.reflect.NativeMethodAccessorImpl.invoke(NativeMethodAccessorImpl.java:62)
	at sun.reflect.DelegatingMethodAccessorImpl.invoke(DelegatingMethodAccessorImpl.java:43)
	at java.lang.reflect.Method.invoke(Method.java:498)
	at org.codehaus.groovy.tools.GroovyStarter.rootLoader(GroovyStarter.java:109)
	at org.codehaus.groovy.tools.GroovyStarter.main(GroovyStarter.java:131)
)]]></system-err>
      </testcase>
      <system-out><![CDATA[2018-10-24 19:07:41 - [TEST_SUITE][FAILED] - Demo: Test Cases/TestCases/Demo/postrequest FAILED because (of) (Stack trace: com.kms.katalon.core.exception.StepFailedException: Unable to verify response status code (Root cause: Expected status code is '200' but actual status code is '500')
	at com.kms.katalon.core.keyword.internal.KeywordMain.stepFailed(KeywordMain.groovy:36)
	at com.kms.katalon.core.keyword.internal.KeywordMain.stepFailed(KeywordMain.groovy)
	at com.kms.katalon.core.keyword.internal.KeywordMain.runKeyword(KeywordMain.groovy:56)
	at com.kms.katalon.core.webservice.keyword.builtin.VerifyResponseStatusCodeKeyword.verifyResponseStatusCode(VerifyResponseStatusCodeKeyword.groovy:37)
	at com.kms.katalon.core.webservice.keyword.builtin.VerifyResponseStatusCodeKeyword.execute(VerifyResponseStatusCodeKeyword.groovy:32)
	at com.kms.katalon.core.keyword.internal.KeywordExecutor.executeKeywordForPlatform(KeywordExecutor.groovy:53)
	at com.kms.katalon.core.webservice.keyword.WSBuiltInKeywords.verifyResponseStatusCode(WSBuiltInKeywords.groovy:212)
	at com.kms.katalon.core.webservice.keyword.WSBuiltInKeywords$verifyResponseStatusCode$0.call(Unknown Source)
	at org.codehaus.groovy.runtime.callsite.CallSiteArray.defaultCall(CallSiteArray.java:48)
	at org.codehaus.groovy.runtime.callsite.AbstractCallSite.call(AbstractCallSite.java:113)
	at org.codehaus.groovy.runtime.callsite.AbstractCallSite.call(AbstractCallSite.java:133)
	at Script1540388157132.run(Script1540388157132.groovy:21)
	at com.kms.katalon.core.main.ScriptEngine.run(ScriptEngine.java:183)
	at com.kms.katalon.core.main.ScriptEngine.runScriptAsRawText(ScriptEngine.java:108)
	at com.kms.katalon.core.main.TestCaseExecutor.runScript(TestCaseExecutor.java:294)
	at com.kms.katalon.core.main.TestCaseExecutor.doExecute(TestCaseExecutor.java:285)
	at com.kms.katalon.core.main.TestCaseExecutor.processExecutionPhase(TestCaseExecutor.java:264)
	at com.kms.katalon.core.main.TestCaseExecutor.accessMainPhase(TestCaseExecutor.java:256)
	at com.kms.katalon.core.main.TestCaseExecutor.execute(TestCaseExecutor.java:200)
	at com.kms.katalon.core.main.TestSuiteExecutor.accessTestCaseMainPhase(TestSuiteExecutor.java:129)
	at com.kms.katalon.core.main.TestSuiteExecutor.accessTestSuiteMainPhase(TestSuiteExecutor.java:112)
	at com.kms.katalon.core.main.TestSuiteExecutor.execute(TestSuiteExecutor.java:81)
	at com.kms.katalon.core.main.TestCaseMain.startTestSuite(TestCaseMain.java:142)
	at com.kms.katalon.core.main.TestCaseMain$startTestSuite$0.call(Unknown Source)
	at org.codehaus.groovy.runtime.callsite.CallSiteArray.defaultCall(CallSiteArray.java:48)
	at org.codehaus.groovy.runtime.callsite.AbstractCallSite.call(AbstractCallSite.java:113)
	at org.codehaus.groovy.runtime.callsite.AbstractCallSite.call(AbstractCallSite.java:141)
	at TempTestSuite1540388258435.run(TempTestSuite1540388258435.groovy:36)
	at groovy.lang.GroovyShell.runScriptOrMainOrTestOrRunnable(GroovyShell.java:263)
	at groovy.lang.GroovyShell.run(GroovyShell.java:518)
	at groovy.lang.GroovyShell.run(GroovyShell.java:507)
	at groovy.ui.GroovyMain.processOnce(GroovyMain.java:653)
	at groovy.ui.GroovyMain.run(GroovyMain.java:384)
	at groovy.ui.GroovyMain.process(GroovyMain.java:370)
	at groovy.ui.GroovyMain.processArgs(GroovyMain.java:129)
	at groovy.ui.GroovyMain.main(GroovyMain.java:109)
	at sun.reflect.NativeMethodAccessorImpl.invoke0(Native Method)
	at sun.reflect.NativeMethodAccessorImpl.invoke(NativeMethodAccessorImpl.java:62)
	at sun.reflect.DelegatingMethodAccessorImpl.invoke(DelegatingMethodAccessorImpl.java:43)
	at java.lang.reflect.Method.invoke(Method.java:498)
	at org.codehaus.groovy.tools.GroovyStarter.rootLoader(GroovyStarter.java:109)
	at org.codehaus.groovy.tools.GroovyStarter.main(GroovyStarter.java:131)
)]]></system-out>
      <system-err><![CDATA[2018-10-24 19:07:41 - [TEST_SUITE][FAILED] - Demo: Test Cases/TestCases/Demo/postrequest FAILED because (of) (Stack trace: com.kms.katalon.core.exception.StepFailedException: Unable to verify response status code (Root cause: Expected status code is '200' but actual status code is '500')
	at com.kms.katalon.core.keyword.internal.KeywordMain.stepFailed(KeywordMain.groovy:36)
	at com.kms.katalon.core.keyword.internal.KeywordMain.stepFailed(KeywordMain.groovy)
	at com.kms.katalon.core.keyword.internal.KeywordMain.runKeyword(KeywordMain.groovy:56)
	at com.kms.katalon.core.webservice.keyword.builtin.VerifyResponseStatusCodeKeyword.verifyResponseStatusCode(VerifyResponseStatusCodeKeyword.groovy:37)
	at com.kms.katalon.core.webservice.keyword.builtin.VerifyResponseStatusCodeKeyword.execute(VerifyResponseStatusCodeKeyword.groovy:32)
	at com.kms.katalon.core.keyword.internal.KeywordExecutor.executeKeywordForPlatform(KeywordExecutor.groovy:53)
	at com.kms.katalon.core.webservice.keyword.WSBuiltInKeywords.verifyResponseStatusCode(WSBuiltInKeywords.groovy:212)
	at com.kms.katalon.core.webservice.keyword.WSBuiltInKeywords$verifyResponseStatusCode$0.call(Unknown Source)
	at org.codehaus.groovy.runtime.callsite.CallSiteArray.defaultCall(CallSiteArray.java:48)
	at org.codehaus.groovy.runtime.callsite.AbstractCallSite.call(AbstractCallSite.java:113)
	at org.codehaus.groovy.runtime.callsite.AbstractCallSite.call(AbstractCallSite.java:133)
	at Script1540388157132.run(Script1540388157132.groovy:21)
	at com.kms.katalon.core.main.ScriptEngine.run(ScriptEngine.java:183)
	at com.kms.katalon.core.main.ScriptEngine.runScriptAsRawText(ScriptEngine.java:108)
	at com.kms.katalon.core.main.TestCaseExecutor.runScript(TestCaseExecutor.java:294)
	at com.kms.katalon.core.main.TestCaseExecutor.doExecute(TestCaseExecutor.java:285)
	at com.kms.katalon.core.main.TestCaseExecutor.processExecutionPhase(TestCaseExecutor.java:264)
	at com.kms.katalon.core.main.TestCaseExecutor.accessMainPhase(TestCaseExecutor.java:256)
	at com.kms.katalon.core.main.TestCaseExecutor.execute(TestCaseExecutor.java:200)
	at com.kms.katalon.core.main.TestSuiteExecutor.accessTestCaseMainPhase(TestSuiteExecutor.java:129)
	at com.kms.katalon.core.main.TestSuiteExecutor.accessTestSuiteMainPhase(TestSuiteExecutor.java:112)
	at com.kms.katalon.core.main.TestSuiteExecutor.execute(TestSuiteExecutor.java:81)
	at com.kms.katalon.core.main.TestCaseMain.startTestSuite(TestCaseMain.java:142)
	at com.kms.katalon.core.main.TestCaseMain$startTestSuite$0.call(Unknown Source)
	at org.codehaus.groovy.runtime.callsite.CallSiteArray.defaultCall(CallSiteArray.java:48)
	at org.codehaus.groovy.runtime.callsite.AbstractCallSite.call(AbstractCallSite.java:113)
	at org.codehaus.groovy.runtime.callsite.AbstractCallSite.call(AbstractCallSite.java:141)
	at TempTestSuite1540388258435.run(TempTestSuite1540388258435.groovy:36)
	at groovy.lang.GroovyShell.runScriptOrMainOrTestOrRunnable(GroovyShell.java:263)
	at groovy.lang.GroovyShell.run(GroovyShell.java:518)
	at groovy.lang.GroovyShell.run(GroovyShell.java:507)
	at groovy.ui.GroovyMain.processOnce(GroovyMain.java:653)
	at groovy.ui.GroovyMain.run(GroovyMain.java:384)
	at groovy.ui.GroovyMain.process(GroovyMain.java:370)
	at groovy.ui.GroovyMain.processArgs(GroovyMain.java:129)
	at groovy.ui.GroovyMain.main(GroovyMain.java:109)
	at sun.reflect.NativeMethodAccessorImpl.invoke0(Native Method)
	at sun.reflect.NativeMethodAccessorImpl.invoke(NativeMethodAccessorImpl.java:62)
	at sun.reflect.DelegatingMethodAccessorImpl.invoke(DelegatingMethodAccessorImpl.java:43)
	at java.lang.reflect.Method.invoke(Method.java:498)
	at org.codehaus.groovy.tools.GroovyStarter.rootLoader(GroovyStarter.java:109)
	at org.codehaus.groovy.tools.GroovyStarter.main(GroovyStarter.java:131)
)]]></system-err>
   </testsuite>
</testsuites>
